https://developer.mozilla.org/en-US/docs/Web/API/AudioProcessingEvent/inputBuffer
https://developer.mozilla.org/en-US/docs/Web/API/AnimationEffect/getComputedTiming
https://developer.mozilla.org/en-US/docs/Web/API/AudioParamMap
https://developer.mozilla.org/en-US/docs/Web/API/AudioParamMap/values
https://developer.mozilla.org/en-US/docs/Web/API/AudioParamMap/size
https://developer.mozilla.org/en-US/docs/Web/API/AnimationEffect/getTiming
https://developer.mozilla.org/en-US/docs/Web/API/AudioParamMap/has
https://developer.mozilla.org/en-US/docs/Web/API/AnimationEffect/updateTiming
https://developer.mozilla.org/en-US/docs/Web/API/AnimationEffect
https://developer.mozilla.org/en-US/docs/Web/API/AudioParamMap/forEach
https://developer.mozilla.org/en-US/docs/Web/API/AudioParamMap/keys
https://developer.mozilla.org/en-US/docs/Web/API/AudioTrack/enabled
https://developer.mozilla.org/en-US/docs/Web/API/AudioProcessingEvent/outputBuffer
https://developer.mozilla.org/en-US/docs/Web/API/AudioTrack
https://developer.mozilla.org/en-US/docs/Web/API/AudioTrack/kind
https://developer.mozilla.org/en-US/docs/Web/API/AudioProcessingEvent/playbackTime
https://developer.mozilla.org/en-US/docs/Web/API/AudioWorkletGlobalScope/sampleRate
https://developer.mozilla.org/en-US/docs/Web/API/AudioParamMap/get
https://developer.mozilla.org/en-US/docs/Web/API/AudioTrack/id
https://developer.mozilla.org/en-US/docs/Web/API/AudioTrack/language
https://developer.mozilla.org/en-US/docs/Web/API/AudioTrack/sourceBuffer
https://developer.mozilla.org/en-US/docs/Web/API/AudioWorkletGlobalScope/currentTime
https://developer.mozilla.org/en-US/docs/Web/API/AudioTrack/label
https://developer.mozilla.org/en-US/docs/Web/API/AudioWorkletNode/parameters
https://developer.mozilla.org/en-US/docs/Web/API/AudioWorkletGlobalScope/registerProcessor
https://developer.mozilla.org/en-US/docs/Web/API/AudioWorkletNode/onprocessorstatechange
https://developer.mozilla.org/en-US/docs/Web/API/AudioWorkletGlobalScope
https://developer.mozilla.org/en-US/docs/Web/API/AudioWorkletNode
https://developer.mozilla.org/en-US/docs/Web/API/AudioWorkletNode/processorState
https://developer.mozilla.org/en-US/docs/Web/API/AudioWorkletProcessor
https://developer.mozilla.org/en-US/docs/Web/API/AuthenticatorAssertionResponse/userHandle
https://developer.mozilla.org/en-US/docs/Web/API/AudioWorkletProcessor/port
https://developer.mozilla.org/en-US/docs/Web/API/AuthenticatorAssertionResponse/authenticatorData
https://developer.mozilla.org/en-US/docs/Web/API/console/exception
https://developer.mozilla.org/en-US/docs/Web/API/FetchEvent/resultingClientId
https://developer.mozilla.org/en-US/docs/Web/API/AuthenticatorAssertionResponse/signature
https://developer.mozilla.org/en-US/docs/Web/API/Element/webkitMatchesSelector
https://developer.mozilla.org/en-US/docs/Web/API/BaseAudioContext/audioWorklet
https://developer.mozilla.org/en-US/docs/Web/API/FetchEvent/targetClientId
https://developer.mozilla.org/en-US/docs/Web/API/AudioWorkletNode/port
https://developer.mozilla.org/en-US/docs/Web/API/HTMLAnchorElement/tabindex
https://developer.mozilla.org/en-US/docs/Web/API/HTMLAnchorElement/accessKey
https://developer.mozilla.org/en-US/docs/Web/API/HTMLAnchorElement/text
https://developer.mozilla.org/en-US/docs/Web/API/HTMLAnchorElement/media
https://developer.mozilla.org/en-US/docs/Web/API/HTMLAnchorElement/charset
https://developer.mozilla.org/en-US/docs/Web/API/HTMLAreaElement/accessKey
https://developer.mozilla.org/en-US/docs/Web/API/HTMLAnchorElement/shape
https://developer.mozilla.org/en-US/docs/Web/API/HTMLAnchorElement/type
https://developer.mozilla.org/en-US/docs/Web/API/HTMLAnchorElement/hreflang
https://developer.mozilla.org/en-US/docs/Web/API/HTMLAnchorElement/target
https://developer.mozilla.org/en-US/docs/Web/API/HTMLAreaElement/hreflang
https://developer.mozilla.org/en-US/docs/Web/API/HTMLAreaElement/alt
https://developer.mozilla.org/en-US/docs/Web/API/HTMLAreaElement/coords
https://developer.mozilla.org/en-US/docs/Web/API/HTMLAnchorElement/coords
https://developer.mozilla.org/en-US/docs/Web/API/HTMLAnchorElement/rev
https://developer.mozilla.org/en-US/docs/Web/API/HTMLAreaElement/download
https://developer.mozilla.org/en-US/docs/Web/API/HTMLAreaElement/type
https://developer.mozilla.org/en-US/docs/Web/API/HTMLAreaElement/shape
https://developer.mozilla.org/en-US/docs/Web/API/HTMLAreaElement/noHref
https://developer.mozilla.org/en-US/docs/Web/API/HTMLAnchorElement/name
https://developer.mozilla.org/en-US/docs/Web/API/HTMLAreaElement/tabIndex
https://developer.mozilla.org/en-US/docs/Web/API/HTMLAreaElement/media
https://developer.mozilla.org/en-US/docs/Web/API/HTMLAudioElement/mozCurrentSampleOffset
https://developer.mozilla.org/en-US/docs/Web/API/HTMLAreaElement/target
https://developer.mozilla.org/en-US/docs/Web/API/HTMLBaseFontElement/color
https://developer.mozilla.org/en-US/docs/Web/API/HTMLBaseFontElement/size
https://developer.mozilla.org/en-US/docs/Web/API/HTMLAudioElement/mozWriteAudio
https://developer.mozilla.org/en-US/docs/Web/API/HTMLBaseElement/href
https://developer.mozilla.org/en-US/docs/Web/API/HTMLBaseFontElement/face
https://developer.mozilla.org/en-US/docs/Web/API/HTMLAudioElement/mozSetup
https://developer.mozilla.org/en-US/docs/Web/API/HTMLBaseElement/target
https://developer.mozilla.org/en-US/docs/Web/API/HTMLBodyElement/link
https://developer.mozilla.org/en-US/docs/Web/API/HTMLBodyElement/vLink
https://developer.mozilla.org/en-US/docs/Web/API/HTMLBRElement/clear
https://developer.mozilla.org/en-US/docs/Web/API/HTMLBodyElement/background
https://developer.mozilla.org/en-US/docs/Web/API/HTMLBodyElement/text
https://developer.mozilla.org/en-US/docs/Web/API/HTMLBodyElement/aLink
https://developer.mozilla.org/en-US/docs/Web/API/HTMLButtonElement/formAction
https://developer.mozilla.org/en-US/docs/Web/API/HTMLBodyElement/bgColor
https://developer.mozilla.org/en-US/docs/Web/API/HTMLButtonElement/form
https://developer.mozilla.org/en-US/docs/Web/API/HTMLButtonElement/formEnctype
https://developer.mozilla.org/en-US/docs/Web/API/HTMLButtonElement/formNoValidate
https://developer.mozilla.org/en-US/docs/Web/API/HTMLButtonElement/formMethod
https://developer.mozilla.org/en-US/docs/Web/API/HTMLButtonElement/disabled
https://developer.mozilla.org/en-US/docs/Web/API/HTMLButtonElement/autofocus
https://developer.mozilla.org/en-US/docs/Web/API/HTMLButtonElement/accessKey
https://developer.mozilla.org/en-US/docs/Web/API/HTMLButtonElement/formTarget
https://developer.mozilla.org/en-US/docs/Web/API/HTMLButtonElement/type
https://developer.mozilla.org/en-US/docs/Web/API/HTMLButtonElement/menu
https://developer.mozilla.org/en-US/docs/Web/API/HTMLButtonElement/willValidate
https://developer.mozilla.org/en-US/docs/Web/API/HTMLButtonElement/name
https://developer.mozilla.org/en-US/docs/Web/API/HTMLButtonElement/value
https://developer.mozilla.org/en-US/docs/Web/API/HTMLButtonElement/validationMessage
https://developer.mozilla.org/en-US/docs/Web/API/HTMLButtonElement/validity
https://developer.mozilla.org/en-US/docs/Web/API/HTMLButtonElement/tabIndex
https://developer.mozilla.org/en-US/docs/Web/API/HTMLDataElement/value
https://developer.mozilla.org/en-US/docs/Web/API/HTMLDivElement/align
https://developer.mozilla.org/en-US/docs/Web/API/HTMLDListElement/compact
https://developer.mozilla.org/en-US/docs/Web/API/HTMLIsIndexElement/form
https://developer.mozilla.org/en-US/docs/Web/API/HTMLIsIndexElement/prompt
https://developer.mozilla.org/en-US/docs/Web/API/HTMLMapElement/name
https://developer.mozilla.org/en-US/docs/Web/API/HTMLMapElement/areas
https://developer.mozilla.org/en-US/docs/Web/API/HTMLMeterElement/optimum
https://developer.mozilla.org/en-US/docs/Web/API/HTMLMeterElement/high
https://developer.mozilla.org/en-US/docs/Web/API/HTMLMeterElement/max
https://developer.mozilla.org/en-US/docs/Web/API/HTMLMeterElement/low
https://developer.mozilla.org/en-US/docs/Web/API/HTMLOListElement/reversed
https://developer.mozilla.org/en-US/docs/Web/API/HTMLMeterElement/value
https://developer.mozilla.org/en-US/docs/Web/API/HTMLMeterElement/min
https://developer.mozilla.org/en-US/docs/Web/API/HTMLModElement/cite
https://developer.mozilla.org/en-US/docs/Web/API/HTMLModElement/datetime
https://developer.mozilla.org/en-US/docs/Web/API/HTMLOptGroupElement/disabled
https://developer.mozilla.org/en-US/docs/Web/API/HTMLOListElement/start
https://developer.mozilla.org/en-US/docs/Web/API/HTMLOListElement/compact
https://developer.mozilla.org/en-US/docs/Web/API/HTMLOListElement/type
https://developer.mozilla.org/en-US/docs/Web/API/HTMLOptionElement/disabled
https://developer.mozilla.org/en-US/docs/Web/API/HTMLOptionElement/label
https://developer.mozilla.org/en-US/docs/Web/API/HTMLOptGroupElement/label
https://developer.mozilla.org/en-US/docs/Web/API/HTMLOptionElement/selected
https://developer.mozilla.org/en-US/docs/Web/API/HTMLOptionElement/defaultSelected
https://developer.mozilla.org/en-US/docs/Web/API/HTMLOptionElement/form
https://developer.mozilla.org/en-US/docs/Web/API/HTMLOptionElement/text
https://developer.mozilla.org/en-US/docs/Web/API/HTMLOptionElement/value
https://developer.mozilla.org/en-US/docs/Web/API/HTMLOptionElement/index
https://developer.mozilla.org/en-US/docs/Web/API/HTMLOutputElement/defaultValue
https://developer.mozilla.org/en-US/docs/Web/API/HTMLOutputElement/htmlFor
https://developer.mozilla.org/en-US/docs/Web/API/HTMLOutputElement/validity
https://developer.mozilla.org/en-US/docs/Web/API/HTMLOutputElement/form
https://developer.mozilla.org/en-US/docs/Web/API/HTMLOutputElement/type
https://developer.mozilla.org/en-US/docs/Web/API/HTMLOutputElement/name
https://developer.mozilla.org/en-US/docs/Web/API/HTMLOutputElement/checkValidity
https://developer.mozilla.org/en-US/docs/Web/API/HTMLOutputElement/setCustomValidity
https://developer.mozilla.org/en-US/docs/Web/API/HTMLParamElement/name
https://developer.mozilla.org/en-US/docs/Web/API/HTMLOptionsCollection/length
https://developer.mozilla.org/en-US/docs/Web/API/HTMLOutputElement/validationMessage
https://developer.mozilla.org/en-US/docs/Web/API/HTMLOutputElement/reportValidity
https://developer.mozilla.org/en-US/docs/Web/API/HTMLOutputElement/value
https://developer.mozilla.org/en-US/docs/Web/API/HTMLOutputElement/willValidate
https://developer.mozilla.org/en-US/docs/Web/API/HTMLParamElement/value
https://developer.mozilla.org/en-US/docs/Web/API/HTMLParagraphElement/align
https://developer.mozilla.org/en-US/docs/Web/API/HTMLQuoteElement/cite
https://developer.mozilla.org/en-US/docs/Web/API/HTMLParamElement/type
https://developer.mozilla.org/en-US/docs/Web/API/HTMLPreElement/width
https://developer.mozilla.org/en-US/docs/Web/API/HTMLParamElement/valueType
https://developer.mozilla.org/en-US/docs/Web/API/HTMLStyleElement/disabled
https://developer.mozilla.org/en-US/docs/Web/API/HTMLUListElement/type
https://developer.mozilla.org/en-US/docs/Web/API/LinkStyle/sheet
https://developer.mozilla.org/en-US/docs/Web/API/HTMLTableCaptionElement/align
https://developer.mozilla.org/en-US/docs/Web/API/HTMLUListElement/compact
https://developer.mozilla.org/en-US/docs/Web/API/HTMLVideoElement/videoWidth
https://developer.mozilla.org/en-US/docs/Web/API/HTMLVideoElement/mozParsedFrames
https://developer.mozilla.org/en-US/docs/Web/API/HTMLVideoElement/mozPresentedFrames
https://developer.mozilla.org/en-US/docs/Web/API/HTMLVideoElement/mozDecodedFrames
https://developer.mozilla.org/en-US/docs/Web/API/HTMLVideoElement/poster
https://developer.mozilla.org/en-US/docs/Web/API/HTMLVideoElement/mozFrameDelay
https://developer.mozilla.org/en-US/docs/Web/API/HTMLVideoElement/videoHeight
https://developer.mozilla.org/en-US/docs/Web/API/HTMLVideoElement/width
https://developer.mozilla.org/en-US/docs/Web/API/HTMLVideoElement/mozPaintedFrames
https://developer.mozilla.org/en-US/docs/Web/API/HTMLVideoElement/mozHasAudio
https://developer.mozilla.org/en-US/docs/Web/API/HTMLVideoElement/height
https://developer.mozilla.org/en-US/docs/Web/API/InputDeviceInfo/getCapabilities
https://developer.mozilla.org/en-US/docs/Web/API/InputDeviceInfo
https://developer.mozilla.org/en-US/docs/Web/API/KeyboardEvent/DOM_KEY_LOCATION_LEFT
https://developer.mozilla.org/en-US/docs/Web/API/KeyboardEvent/DOM_KEY_LOCATION_NUMPAD
https://developer.mozilla.org/en-US/docs/Web/API/KeyboardEvent/DOM_KEY_LOCATION_RIGHT
https://developer.mozilla.org/en-US/docs/Web/API/KeyboardEvent/DOM_KEY_LOCATION_STANDARD
https://developer.mozilla.org/en-US/docs/Web/API/MediaDeviceInfo/toJSON
https://developer.mozilla.org/en-US/docs/Web/API/MediaSource/onsourceopen
https://developer.mozilla.org/en-US/docs/Web/API/MediaKeyStatusMap/[@@iterator]
https://developer.mozilla.org/en-US/docs/Web/API/MediaElementAudioSourceNode/mediaElement
https://developer.mozilla.org/en-US/docs/Web/API/MediaSource/onsourceclose
https://developer.mozilla.org/en-US/docs/Web/API/MediaSource/setLiveSeekableRange
https://developer.mozilla.org/en-US/docs/Web/API/MediaSource/onsourceended
https://developer.mozilla.org/en-US/docs/Web/API/MediaStream/removeTrack
https://developer.mozilla.org/en-US/docs/Web/API/MediaSource/clearLiveSeekableRange
https://developer.mozilla.org/en-US/docs/Web/API/MediaStream/getTracks
https://developer.mozilla.org/en-US/docs/Web/API/MediaStreamAudioSourceNode/mediaStream
https://developer.mozilla.org/en-US/docs/Web/API/MediaStream/getAudioTracks
https://developer.mozilla.org/en-US/docs/Web/API/MediaStreamTrack/contentHint
https://developer.mozilla.org/en-US/docs/Web/API/MediaStreamTrackAudioSourceNode
https://developer.mozilla.org/en-US/docs/Web/API/MediaStreamTrackEvent/track
https://developer.mozilla.org/en-US/docs/Web/API/MediaStreamTrack/readonly
https://developer.mozilla.org/en-US/docs/Web/API/NavigationPreloadManager/setHeaderValue
https://developer.mozilla.org/en-US/docs/Web/API/NavigationPreloadManager/enable
https://developer.mozilla.org/en-US/docs/Web/API/NavigationPreloadManager/getState
https://developer.mozilla.org/en-US/docs/Web/API/Navigator/mediaSession
https://developer.mozilla.org/en-US/docs/Web/API/Navigator/clipboard
https://developer.mozilla.org/en-US/docs/Web/API/OverconstrainedErrorEvent
https://developer.mozilla.org/en-US/docs/Web/API/Notification/maxActions
https://developer.mozilla.org/en-US/docs/Web/API/NavigationPreloadManager/disable
https://developer.mozilla.org/en-US/docs/Web/API/OverconstrainedErrorEvent/error
https://developer.mozilla.org/en-US/docs/Web/API/PaymentRequest/requestId
https://developer.mozilla.org/en-US/docs/Web/API/PaymentRequestEvent/modifiers
https://developer.mozilla.org/en-US/docs/Web/API/PaymentRequestEvent/PaymentRequestEvent
https://developer.mozilla.org/en-US/docs/Web/API/PaymentRequestEvent/paymentRequestId
https://developer.mozilla.org/en-US/docs/Web/API/PaymentRequestEvent/methodData
https://developer.mozilla.org/en-US/docs/Web/API/PaymentRequestEvent/instrumentKey
https://developer.mozilla.org/en-US/docs/Web/API/PaymentRequestEvent/openWindow
https://developer.mozilla.org/en-US/docs/Web/API/PaymentRequestEvent/total
https://developer.mozilla.org/en-US/docs/Web/API/PaymentRequestEvent
https://developer.mozilla.org/en-US/docs/Web/API/PaymentRequestEvent/paymentRequestOrigin
https://developer.mozilla.org/en-US/docs/Web/API/PaymentRequestEvent/topLevelOrigin
https://developer.mozilla.org/en-US/docs/Web/API/PaymentRequestEvent/respondWith
https://developer.mozilla.org/en-US/docs/Web/API/PaymentResponse/toJSON
https://developer.mozilla.org/en-US/docs/Web/API/PublicKeyCredential/getClientExtensionResults
https://developer.mozilla.org/en-US/docs/Web/API/PublicKeyCredential/rawId
https://developer.mozilla.org/en-US/docs/Web/API/PublicKeyCredential/response
https://developer.mozilla.org/en-US/docs/Web/API/PushRegistrationManager/getRegistration
https://developer.mozilla.org/en-US/docs/Web/API/PushRegistrationManager/unregister
https://developer.mozilla.org/en-US/docs/Web/API/PublicKeyCredential/isUserVerifyingPlatformAuthenticatorAvailable
https://developer.mozilla.org/en-US/docs/Web/API/PushRegistrationManager/hasPermission
https://developer.mozilla.org/en-US/docs/Web/API/PushRegistrationManager/register
https://developer.mozilla.org/en-US/docs/Web/API/PushSubscriptionOptions/applicationServerKey
https://developer.mozilla.org/en-US/docs/Web/API/PushSubscriptionOptions
https://developer.mozilla.org/en-US/docs/Web/API/PushSubscriptionChangeEvent
https://developer.mozilla.org/en-US/docs/Web/API/PushSubscriptionChangeEvent/newSubscription
https://developer.mozilla.org/en-US/docs/Web/API/PushSubscriptionChangeEvent/oldSubscription
https://developer.mozilla.org/en-US/docs/Web/API/Request/keepalive
https://developer.mozilla.org/en-US/docs/Web/API/PushSubscriptionOptions/userVisibleOnly
https://developer.mozilla.org/en-US/docs/Web/API/Request/destination
https://developer.mozilla.org/en-US/docs/Web/API/Request/signal
https://developer.mozilla.org/en-US/docs/Web/API/RTCConfiguration/peerIdentity
https://developer.mozilla.org/en-US/docs/Web/API/Response/trailer
https://developer.mozilla.org/en-US/docs/Web/API/RTCCertificate/expires
https://developer.mozilla.org/en-US/docs/Web/API/RTCConfiguration/certificates
https://developer.mozilla.org/en-US/docs/Web/API/RTCConfiguration/iceTransportPolicy
https://developer.mozilla.org/en-US/docs/Web/API/RTCConfiguration/iceCandidatePoolSize
https://developer.mozilla.org/en-US/docs/Web/API/RTCCertificate/getSupportedAlgorithms
https://developer.mozilla.org/en-US/docs/Web/API/RTCConfiguration/iceServers
https://developer.mozilla.org/en-US/docs/Web/API/RTCCertificate/getFingerprints
https://developer.mozilla.org/en-US/docs/Web/API/RTCDtlsTransport/onerror
https://developer.mozilla.org/en-US/docs/Web/API/RTCDtlsTransport/onstatechange
https://developer.mozilla.org/en-US/docs/Web/API/RTCConfiguration/bundlePolicy
https://developer.mozilla.org/en-US/docs/Web/API/RTCDataChannel/priority
https://developer.mozilla.org/en-US/docs/Web/API/RTCConfiguration/rtcpMuxPolicy
https://developer.mozilla.org/en-US/docs/Web/API/RTCDtlsTransport/state
https://developer.mozilla.org/en-US/docs/Web/API/RTCDtlsTransport
https://developer.mozilla.org/en-US/docs/Web/API/RTCDTMFSender/canInsertDTMF
https://developer.mozilla.org/en-US/docs/Web/API/RTCDtlsTransport/getRemoteCertificates
https://developer.mozilla.org/en-US/docs/Web/API/RTCDtlsTransport/transport
https://developer.mozilla.org/en-US/docs/Web/API/RTCIceCandidate/candidate
https://developer.mozilla.org/en-US/docs/Web/API/RTCIceCandidate/ip
https://developer.mozilla.org/en-US/docs/Web/API/RTCErrorEvent
https://developer.mozilla.org/en-US/docs/Web/API/RTCIceCandidate/sdpMLineIndex
https://developer.mozilla.org/en-US/docs/Web/API/RTCIceCandidate/foundation
https://developer.mozilla.org/en-US/docs/Web/API/RTCErrorEvent/error
https://developer.mozilla.org/en-US/docs/Web/API/RTCIceCandidate/priority
https://developer.mozilla.org/en-US/docs/Web/API/RTCIceCandidate/RTCIceCandidate
https://developer.mozilla.org/en-US/docs/Web/API/RTCIceCandidate/port
https://developer.mozilla.org/en-US/docs/Web/API/RTCIceCandidate/protocol
https://developer.mozilla.org/en-US/docs/Web/API/RTCIceCandidate/relatedAddress
https://developer.mozilla.org/en-US/docs/Web/API/RTCIceCandidate/relatedPort
https://developer.mozilla.org/en-US/docs/Web/API/RTCIceCandidate/toJSON
https://developer.mozilla.org/en-US/docs/Web/API/RTCIceCandidate/tcpType
https://developer.mozilla.org/en-US/docs/Web/API/RTCIceCandidate/component
https://developer.mozilla.org/en-US/docs/Web/API/RTCIceCandidate/type
https://developer.mozilla.org/en-US/docs/Web/API/RTCIceCandidate/sdpMid
https://developer.mozilla.org/en-US/docs/Web/API/RTCIceTransport/component
https://developer.mozilla.org/en-US/docs/Web/API/RTCIceTransport/ongatheringstatechange
https://developer.mozilla.org/en-US/docs/Web/API/RTCIceCandidate/usernameFragment
https://developer.mozilla.org/en-US/docs/Web/API/RTCIceTransport/onselectedcandidatepairchange
https://developer.mozilla.org/en-US/docs/Web/API/RTCIceTransport/gatheringState
https://developer.mozilla.org/en-US/docs/Web/API/RTCIceTransport
https://developer.mozilla.org/en-US/docs/Web/API/RTCIceTransport/getLocalParameters
https://developer.mozilla.org/en-US/docs/Web/API/RTCIceTransport/getRemoteParameters
https://developer.mozilla.org/en-US/docs/Web/API/RTCIceTransport/state
https://developer.mozilla.org/en-US/docs/Web/API/RTCIceTransport/getRemoteCandidates
https://developer.mozilla.org/en-US/docs/Web/API/RTCIdentityAssertion/idp
https://developer.mozilla.org/en-US/docs/Web/API/RTCIceTransport/role
https://developer.mozilla.org/en-US/docs/Web/API/RTCIceTransport/getSelectedCandidatePair
https://developer.mozilla.org/en-US/docs/Web/API/RTCIceTransport/getLocalCandidates
https://developer.mozilla.org/en-US/docs/Web/API/RTCIceTransport/onstatechange
https://developer.mozilla.org/en-US/docs/Web/API/RTCIdentityProviderGlobalScope/rtcIdentityProvider
https://developer.mozilla.org/en-US/docs/Web/API/RTCIdentityProviderGlobalScope
https://developer.mozilla.org/en-US/docs/Web/API/RTCIdentityProviderRegistrar/register
https://developer.mozilla.org/en-US/docs/Web/API/RTCPeerConnection/createDTMFSender
https://developer.mozilla.org/en-US/docs/Web/API/RTCPeerConnectionIceErrorEvent/errorCode
https://developer.mozilla.org/en-US/docs/Web/API/RTCIdentityAssertion/name
https://developer.mozilla.org/en-US/docs/Web/API/RTCPeerConnectionIceErrorEvent
https://developer.mozilla.org/en-US/docs/Web/API/RTCIdentityProviderRegistrar
https://developer.mozilla.org/en-US/docs/Web/API/RTCPeerConnectionIceErrorEvent/errorText
https://developer.mozilla.org/en-US/docs/Web/API/RTCPeerConnectionIceErrorEvent/hostCandidate
https://developer.mozilla.org/en-US/docs/Web/API/RTCPeerConnection/getDefaultIceServers
https://developer.mozilla.org/en-US/docs/Web/API/RTCRtpReceiver/transport
https://developer.mozilla.org/en-US/docs/Web/API/RTCRtpReceiver/rtcpTransport
https://developer.mozilla.org/en-US/docs/Web/API/RTCPeerConnectionIceEvent/url
https://developer.mozilla.org/en-US/docs/Web/API/RTCPeerConnectionIceErrorEvent/url
https://developer.mozilla.org/en-US/docs/Web/API/RTCRtpReceiver/getCapabilities
https://developer.mozilla.org/en-US/docs/Web/API/RTCRtpSender/track
https://developer.mozilla.org/en-US/docs/Web/API/RTCRtpReceiver/getParameters
https://developer.mozilla.org/en-US/docs/Web/API/RTCRtpSender/replaceTrack
https://developer.mozilla.org/en-US/docs/Web/API/RTCRtpSender/rtcpTransport
https://developer.mozilla.org/en-US/docs/Web/API/RTCRtpSender/setParameters
https://developer.mozilla.org/en-US/docs/Web/API/RTCRtpSender/transport
https://developer.mozilla.org/en-US/docs/Web/API/RTCRtpSender/getCapabilities
https://developer.mozilla.org/en-US/docs/Web/API/RTCRtpSender/getParameters
https://developer.mozilla.org/en-US/docs/Web/API/RTCSctpTransport/state
https://developer.mozilla.org/en-US/docs/Web/API/RTCSctpTransport/maxMessageSize
https://developer.mozilla.org/en-US/docs/Web/API/RTCSctpTransport/onstatechange
https://developer.mozilla.org/en-US/docs/Web/API/RTCSctpTransport/transport
https://developer.mozilla.org/en-US/docs/Web/API/RTCTrackEvent/receiver
https://developer.mozilla.org/en-US/docs/Web/API/RTCTrackEvent
https://developer.mozilla.org/en-US/docs/Web/API/RTCTrackEvent/track
https://developer.mozilla.org/en-US/docs/Web/API/RTCStatsEvent/report
https://developer.mozilla.org/en-US/docs/Web/API/ServiceWorkerContainer/startMessages
https://developer.mozilla.org/en-US/docs/Web/API/RTCTrackEvent/streams
https://developer.mozilla.org/en-US/docs/Web/API/ServiceWorkerContainer/onmessageerror
https://developer.mozilla.org/en-US/docs/Web/API/ServiceWorkerGlobalScope/onmessageerror
https://developer.mozilla.org/en-US/docs/Web/API/RTCStatsEvent
https://developer.mozilla.org/en-US/docs/Web/API/RTCTrackEvent/transceiver
https://developer.mozilla.org/en-US/docs/Web/API/ServiceWorkerRegistration/updateViaCache
https://developer.mozilla.org/en-US/docs/Web/API/SourceBuffer/onabort
https://developer.mozilla.org/en-US/docs/Web/API/SourceBuffer/onupdate
https://developer.mozilla.org/en-US/docs/Web/API/SourceBuffer/onupdatestart
https://developer.mozilla.org/en-US/docs/Web/API/SourceBuffer/onerror
https://developer.mozilla.org/en-US/docs/Web/API/SourceBufferList/onremovesourcebuffer
https://developer.mozilla.org/en-US/docs/Web/API/SourceBuffer/onupdateend
https://developer.mozilla.org/en-US/docs/Web/API/SourceBufferList/onaddsourcebuffer
https://developer.mozilla.org/en-US/docs/Web/API/SubtleCrypto/deriveBits
https://developer.mozilla.org/en-US/docs/Web/API/TextDecoder/ignoreBOM
https://developer.mozilla.org/en-US/docs/Web/API/TextTrack/activeCues
https://developer.mozilla.org/en-US/docs/Web/API/TextDecoder/fatal
https://developer.mozilla.org/en-US/docs/Web/API/TextTrack/removeCue
https://developer.mozilla.org/en-US/docs/Web/API/TextTrack/cues
https://developer.mozilla.org/en-US/docs/Web/API/TextTrack/id
https://developer.mozilla.org/en-US/docs/Web/API/TextTrack/language
https://developer.mozilla.org/en-US/docs/Web/API/TextTrack/label
https://developer.mozilla.org/en-US/docs/Web/API/TextTrack/kind
https://developer.mozilla.org/en-US/docs/Web/API/TextTrack/addCue
https://developer.mozilla.org/en-US/docs/Web/API/TextTrack/oncuechange
https://developer.mozilla.org/en-US/docs/Web/API/UIEvent/which
https://developer.mozilla.org/en-US/docs/Web/API/TextTrack/sourceBuffer
https://developer.mozilla.org/en-US/docs/Web/API/TextTrack/inBandMetadataTrackDispatchType
https://developer.mozilla.org/en-US/docs/Web/API/URL/name
https://developer.mozilla.org/en-US/docs/Web/API/URL/length
https://developer.mozilla.org/en-US/docs/Web/API/USB
https://developer.mozilla.org/en-US/docs/Web/API/USBAlternateInterface
https://developer.mozilla.org/en-US/docs/Web/API/USBAlternateInterface/USBAlternateInterface
https://developer.mozilla.org/en-US/docs/Web/API/USB/onconnect
https://developer.mozilla.org/en-US/docs/Web/API/USB/ondisconnect
https://developer.mozilla.org/en-US/docs/Web/API/USB/getDevices
https://developer.mozilla.org/en-US/docs/Web/API/USBConfiguration/configurationName
https://developer.mozilla.org/en-US/docs/Web/API/USBAlternateInterface/alternateSetting
https://developer.mozilla.org/en-US/docs/Web/API/USB/requestDevice
https://developer.mozilla.org/en-US/docs/Web/API/USBAlternateInterface/interfaceClass
https://developer.mozilla.org/en-US/docs/Web/API/USBConfiguration/interfaces
https://developer.mozilla.org/en-US/docs/Web/API/USBAlternateInterface/interfaceProtocol
https://developer.mozilla.org/en-US/docs/Web/API/USBAlternateInterface/interfaceName
https://developer.mozilla.org/en-US/docs/Web/API/USBAlternateInterface/interfaceSubclass
https://developer.mozilla.org/en-US/docs/Web/API/USBConfiguration/USBConfiguration
https://developer.mozilla.org/en-US/docs/Web/API/USBConfiguration
https://developer.mozilla.org/en-US/docs/Web/API/USBAlternateInterface/endpoints
https://developer.mozilla.org/en-US/docs/Web/API/USBConfiguration/configurationValue
https://developer.mozilla.org/en-US/docs/Web/API/USBDevice/deviceSubclass
https://developer.mozilla.org/en-US/docs/Web/API/USBDevice/usbVersionMajor
https://developer.mozilla.org/en-US/docs/Web/API/USBConnectionEvent
https://developer.mozilla.org/en-US/docs/Web/API/USBConnectionEvent/device
https://developer.mozilla.org/en-US/docs/Web/API/USBDevice
https://developer.mozilla.org/en-US/docs/Web/API/USBDevice/deviceProtocol
https://developer.mozilla.org/en-US/docs/Web/API/USBDevice/usbVersionSubminor
https://developer.mozilla.org/en-US/docs/Web/API/USBDevice/deviceClass
https://developer.mozilla.org/en-US/docs/Web/API/USBDevice/usbVersionMinor
https://developer.mozilla.org/en-US/docs/Web/API/USBDevice/vendorId
https://developer.mozilla.org/en-US/docs/Web/API/USBDevice/configuration
https://developer.mozilla.org/en-US/docs/Web/API/USBDevice/productId
https://developer.mozilla.org/en-US/docs/Web/API/USBDevice/manufacturerName
https://developer.mozilla.org/en-US/docs/Web/API/USBDevice/deviceVersionSubminor
https://developer.mozilla.org/en-US/docs/Web/API/USBDevice/configurations
https://developer.mozilla.org/en-US/docs/Web/API/USBDevice/deviceVersionMajor
https://developer.mozilla.org/en-US/docs/Web/API/USBDevice/opened
https://developer.mozilla.org/en-US/docs/Web/API/USBDevice/productName
https://developer.mozilla.org/en-US/docs/Web/API/USBDevice/serialNumber
https://developer.mozilla.org/en-US/docs/Web/API/USBDevice/transferIn
https://developer.mozilla.org/en-US/docs/Web/API/USBDevice/deviceVersionMinor
https://developer.mozilla.org/en-US/docs/Web/API/USBDevice/open
https://developer.mozilla.org/en-US/docs/Web/API/USBDevice/releaseInterface
https://developer.mozilla.org/en-US/docs/Web/API/USBDevice/selectConfiguration
https://developer.mozilla.org/en-US/docs/Web/API/USBDevice/clearHalt
https://developer.mozilla.org/en-US/docs/Web/API/USBDevice/controlTransferIn
https://developer.mozilla.org/en-US/docs/Web/API/USBDevice/selectAlternateInterface
https://developer.mozilla.org/en-US/docs/Web/API/USBDevice/controlTransferOut
https://developer.mozilla.org/en-US/docs/Web/API/USBDevice/claimInterface
https://developer.mozilla.org/en-US/docs/Web/API/USBEndpoint/USBEndpoint
https://developer.mozilla.org/en-US/docs/Web/API/USBDevice/close
https://developer.mozilla.org/en-US/docs/Web/API/USBEndpoint/packetSize
https://developer.mozilla.org/en-US/docs/Web/API/USBEndpoint/direction
https://developer.mozilla.org/en-US/docs/Web/API/USBEndpoint
https://developer.mozilla.org/en-US/docs/Web/API/USBDevice/transferOut
https://developer.mozilla.org/en-US/docs/Web/API/USBDevice/isochronousTransferOut
https://developer.mozilla.org/en-US/docs/Web/API/USBDevice/reset
https://developer.mozilla.org/en-US/docs/Web/API/USBEndpoint/endpointNumber
https://developer.mozilla.org/en-US/docs/Web/API/USBEndpoint/type
https://developer.mozilla.org/en-US/docs/Web/API/USBInterface/USBInterface
https://developer.mozilla.org/en-US/docs/Web/API/USBInterface/alternate
https://developer.mozilla.org/en-US/docs/Web/API/USBDevice/isochronousTransferIn
https://developer.mozilla.org/en-US/docs/Web/API/USBInterface/interfaceNumber
https://developer.mozilla.org/en-US/docs/Web/API/USBInterface/claimed
https://developer.mozilla.org/en-US/docs/Web/API/USBInTransferResult/data
https://developer.mozilla.org/en-US/docs/Web/API/USBInterface/alternates
https://developer.mozilla.org/en-US/docs/Web/API/USBInterface
https://developer.mozilla.org/en-US/docs/Web/API/USBInTransferResult
https://developer.mozilla.org/en-US/docs/Web/API/USBInTransferResult/status
https://developer.mozilla.org/en-US/docs/Web/API/USBInTransferResult/USBInTransferResult
https://developer.mozilla.org/en-US/docs/Web/API/USBIsochronousInTransferResult/data
https://developer.mozilla.org/en-US/docs/Web/API/USBIsochronousOutTransferPacket
https://developer.mozilla.org/en-US/docs/Web/API/USBIsochronousInTransferPacket/data
https://developer.mozilla.org/en-US/docs/Web/API/USBIsochronousInTransferResult
https://developer.mozilla.org/en-US/docs/Web/API/USBIsochronousInTransferPacket
https://developer.mozilla.org/en-US/docs/Web/API/USBIsochronousInTransferPacket/USBIsochronousInTransferPacket
https://developer.mozilla.org/en-US/docs/Web/API/USBIsochronousInTransferResult/USBIsochronousInTransferResult
https://developer.mozilla.org/en-US/docs/Web/API/USBIsochronousInTransferResult/packets
https://developer.mozilla.org/en-US/docs/Web/API/USBIsochronousInTransferPacket/status
https://developer.mozilla.org/en-US/docs/Web/API/USBIsochronousOutTransferPacket/USBIsochronousOutTransferPacket
https://developer.mozilla.org/en-US/docs/Web/API/USBIsochronousOutTransferPacket/status
https://developer.mozilla.org/en-US/docs/Web/API/USBOutTransferResult/status
https://developer.mozilla.org/en-US/docs/Web/API/USBIsochronousOutTransferResult
https://developer.mozilla.org/en-US/docs/Web/API/USBOutTransferResult/USBOutTransferResult
https://developer.mozilla.org/en-US/docs/Web/API/USBOutTransferResult/bytesWritten
https://developer.mozilla.org/en-US/docs/Web/API/USBIsochronousOutTransferPacket/bytesWritten
https://developer.mozilla.org/en-US/docs/Web/API/USBOutTransferResult
https://developer.mozilla.org/en-US/docs/Web/API/USBIsochronousOutTransferResult/USBIsochronousOutTransferResult
https://developer.mozilla.org/en-US/docs/Web/API/USBIsochronousOutTransferResult/packets
https://developer.mozilla.org/en-US/docs/Web/API/USBPermissionResult
https://developer.mozilla.org/en-US/docs/Web/API/VideoTrack/id
https://developer.mozilla.org/en-US/docs/Web/API/VideoTrack
https://developer.mozilla.org/en-US/docs/Web/API/USBPermissionResult/devices
https://developer.mozilla.org/en-US/docs/Web/API/VideoTrack/sourceBuffer
https://developer.mozilla.org/en-US/docs/Web/API/VideoTrack/kind
https://developer.mozilla.org/en-US/docs/Web/API/VideoTrack/label
https://developer.mozilla.org/en-US/docs/Web/API/VideoTrack/selected
https://developer.mozilla.org/en-US/docs/Web/API/VideoTrack/language
https://developer.mozilla.org/en-US/docs/Web/API/WebGL2RenderingContext/bufferData
https://developer.mozilla.org/en-US/docs/Web/API/WheelEvent/DOM_DELTA_LINE
https://developer.mozilla.org/en-US/docs/Web/API/WheelEvent/DOM_DELTA_PIXEL
https://developer.mozilla.org/en-US/docs/Web/API/WebGLObject
https://developer.mozilla.org/en-US/docs/Web/API/WheelEvent/DOM_DELTA_PAGE
https://developer.mozilla.org/en-US/docs/Web/API/WorkerNavigator/serviceWorker
https://developer.mozilla.org/en-US/docs/Web/API/XMLHttpRequestUpload
https://developer.mozilla.org/en-US/docs/Web/API/XMLHttpRequestEventTarget/onloadend
https://developer.mozilla.org/en-US/docs/Web/API/WindowClient/ancestorOrigins
https://developer.mozilla.org/en-US/docs/Web/API/XMLHttpRequestEventTarget/ontimeout
https://developer.mozilla.org/en-US/docs/Web/SVG/Element/mesh
https://developer.mozilla.org/en-US/docs/Web/SVG/Element/meshpatch
https://developer.mozilla.org/en-US/docs/Web/SVG/Element/meshrow
https://developer.mozilla.org/en-US/docs/Web/SVG/Element/meshgradient